mode: atomic
github.com/Eun/eventbus/bus.go:21.40,23.27 2 8
github.com/Eun/eventbus/bus.go:27.2,28.14 2 8
github.com/Eun/eventbus/bus.go:32.2,32.13 1 8
github.com/Eun/eventbus/bus.go:23.27,25.3 1 3
github.com/Eun/eventbus/bus.go:28.14,30.3 1 6
github.com/Eun/eventbus/bus.go:36.40,37.23 1 3
github.com/Eun/eventbus/bus.go:40.2,40.25 1 1
github.com/Eun/eventbus/bus.go:37.23,39.3 1 2
github.com/Eun/eventbus/bus.go:45.67,47.27 2 7
github.com/Eun/eventbus/bus.go:50.2,52.17 3 7
github.com/Eun/eventbus/bus.go:64.2,65.11 2 7
github.com/Eun/eventbus/bus.go:47.27,49.3 1 2
github.com/Eun/eventbus/bus.go:52.17,56.24 4 6
github.com/Eun/eventbus/bus.go:56.24,57.38 1 4
github.com/Eun/eventbus/bus.go:57.38,58.17 1 36
github.com/Eun/eventbus/bus.go:58.17,60.6 1 6
github.com/Eun/eventbus/bus.go:69.64,71.17 2 3
github.com/Eun/eventbus/bus.go:92.2,92.17 1 3
github.com/Eun/eventbus/bus.go:71.17,72.32 1 3
github.com/Eun/eventbus/bus.go:72.32,73.49 1 3
github.com/Eun/eventbus/bus.go:73.49,74.31 1 3
github.com/Eun/eventbus/bus.go:74.31,77.10 1 3
github.com/Eun/eventbus/bus.go:84.6,87.11 4 3
github.com/Eun/eventbus/bus.go:77.10,78.14 1 8
github.com/Eun/eventbus/bus.go:79.17,79.17 0 5
github.com/Eun/eventbus/bus.go:80.15,81.21 1 3
github.com/Eun/eventbus/bus.go:96.45,98.17 2 35
github.com/Eun/eventbus/bus.go:112.2,112.17 1 35
github.com/Eun/eventbus/bus.go:98.17,99.36 1 34
github.com/Eun/eventbus/bus.go:99.36,100.24 1 34
github.com/Eun/eventbus/bus.go:103.4,103.25 1 33
github.com/Eun/eventbus/bus.go:107.4,107.37 1 33
github.com/Eun/eventbus/bus.go:100.24,101.13 1 1
github.com/Eun/eventbus/bus.go:103.25,106.5 2 13
github.com/Eun/eventbus/bus.go:107.37,109.5 1 21
github.com/Eun/eventbus/bus.go:116.30,118.17 2 9
github.com/Eun/eventbus/bus.go:121.2,121.17 1 9
github.com/Eun/eventbus/bus.go:118.17,120.3 1 8
github.com/Eun/eventbus/bus.go:125.29,127.2 1 1
github.com/Eun/eventbus/bus.go:130.37,133.2 2 1
github.com/Eun/eventbus/bus.go:136.36,138.2 1 1
